[ 2015-11-01T12:39:07+08:00 ] 58.210.89.186 /iLazy/index.php/Home/UserInfo/query
INFO: [ app_init ] --START--
INFO: Run Behavior\BuildLiteBehavior [ RunTime:0.000000s ]
INFO: [ app_init ] --END-- [ RunTime:0.007813s ]
INFO: [ app_begin ] --START--
INFO: Run Behavior\ReadHtmlCacheBehavior [ RunTime:0.000000s ]
INFO: [ app_begin ] --END-- [ RunTime:0.000976s ]
SQL: SHOW COLUMNS FROM `l_userinfo` [ RunTime:0.0010s ]
SQL: SELECT * FROM `l_userinfo`  [ RunTime:0.0010s ]

[ 2015-11-01T12:39:07+08:00 ] 58.210.89.186 /iLazy/index.php/Home/Location/insert?userid=8&locationinfo=0.000000,0.000000
INFO: [ app_init ] --START--
INFO: Run Behavior\BuildLiteBehavior [ RunTime:0.000000s ]
INFO: [ app_init ] --END-- [ RunTime:0.009766s ]
INFO: [ app_begin ] --START--
INFO: Run Behavior\ReadHtmlCacheBehavior [ RunTime:0.000000s ]
INFO: [ app_begin ] --END-- [ RunTime:0.000976s ]
SQL: SHOW COLUMNS FROM `l_location` [ RunTime:0.0010s ]
SQL: SELECT * FROM `l_location` WHERE (  l_user_userid = '8' )  [ RunTime:0.0010s ]
ERR: 1452:Cannot add or update a child row: a foreign key constraint fails (`lazyorcrazy/l_location`, CONSTRAINT `fk_l_location_l_user1` FOREIGN KEY (`l_user_userid`) REFERENCES `l_user` (`userid`) ON DELETE NO ACTION ON UPDATE NO ACTION)
 [ SQL语句 ] : INSERT INTO `l_location` (`l_user_userid`,`locationinfo`) VALUES ('8','0.000000,0.000000')
ERR: 1452:Cannot add or update a child row: a foreign key constraint fails (`lazyorcrazy/l_location`, CONSTRAINT `fk_l_location_l_user1` FOREIGN KEY (`l_user_userid`) REFERENCES `l_user` (`userid`) ON DELETE NO ACTION ON UPDATE NO ACTION)
 [ SQL语句 ] : INSERT INTO `l_location` (`l_user_userid`,`locationinfo`) VALUES ('8','0.000000,0.000000')

[ 2015-11-01T12:39:27+08:00 ] 58.210.89.186 /iLazy/index.php/Home/User/login?password=j6jWv8zY8q7M8SZl4LP5eg%3D%3D&username=15606946786
INFO: [ app_init ] --START--
INFO: Run Behavior\BuildLiteBehavior [ RunTime:0.000000s ]
INFO: [ app_init ] --END-- [ RunTime:0.000977s ]
INFO: [ app_begin ] --START--
INFO: Run Behavior\ReadHtmlCacheBehavior [ RunTime:0.000977s ]
INFO: [ app_begin ] --END-- [ RunTime:0.000977s ]
SQL: SHOW COLUMNS FROM `l_user` [ RunTime:0.0020s ]
SQL: SELECT * FROM `l_user` WHERE `username` = '15606946786' AND `password` = 'j6jWv8zY8q7M8SZl4LP5eg=='  [ RunTime:0.0000s ]

[ 2015-11-01T12:39:28+08:00 ] 58.210.89.186 /iLazy/index.php/Home/Location/insert?userid=3&locationinfo=0.000000,0.000000
INFO: [ app_init ] --START--
INFO: Run Behavior\BuildLiteBehavior [ RunTime:0.000000s ]
INFO: [ app_init ] --END-- [ RunTime:0.000000s ]
INFO: [ app_begin ] --START--
INFO: Run Behavior\ReadHtmlCacheBehavior [ RunTime:0.000000s ]
INFO: [ app_begin ] --END-- [ RunTime:0.000000s ]
SQL: SHOW COLUMNS FROM `l_location` [ RunTime:0.0020s ]
SQL: SELECT * FROM `l_location` WHERE (  l_user_userid = '3' )  [ RunTime:0.0000s ]

[ 2015-11-01T12:39:29+08:00 ] 58.210.89.186 /iLazy/index.php/Home/UserInfo/query
INFO: [ app_init ] --START--
INFO: Run Behavior\BuildLiteBehavior [ RunTime:0.000000s ]
INFO: [ app_init ] --END-- [ RunTime:0.000977s ]
INFO: [ app_begin ] --START--
INFO: Run Behavior\ReadHtmlCacheBehavior [ RunTime:0.000000s ]
INFO: [ app_begin ] --END-- [ RunTime:0.000000s ]
SQL: SHOW COLUMNS FROM `l_userinfo` [ RunTime:0.0020s ]
SQL: SELECT * FROM `l_userinfo`  [ RunTime:0.0000s ]

[ 2015-11-01T13:48:34+08:00 ] 58.210.89.186 /iLazy/index.php/Home/Order/query?userid=3
INFO: [ app_init ] --START--
INFO: Run Behavior\BuildLiteBehavior [ RunTime:0.000000s ]
INFO: [ app_init ] --END-- [ RunTime:0.000000s ]
INFO: [ app_begin ] --START--
INFO: Run Behavior\ReadHtmlCacheBehavior [ RunTime:0.000977s ]
INFO: [ app_begin ] --END-- [ RunTime:0.000977s ]
SQL: SHOW COLUMNS FROM `l_order` [ RunTime:0.0020s ]
SQL: SELECT * FROM `l_order` WHERE `l_user_userid` = 3  [ RunTime:0.0000s ]

[ 2015-11-01T13:48:48+08:00 ] 58.210.89.186 /iLazy/index.php/Home/User/queryName?userid=3
INFO: [ app_init ] --START--
INFO: Run Behavior\BuildLiteBehavior [ RunTime:0.000000s ]
INFO: [ app_init ] --END-- [ RunTime:0.000977s ]
INFO: [ app_begin ] --START--
INFO: Run Behavior\ReadHtmlCacheBehavior [ RunTime:0.000976s ]
INFO: [ app_begin ] --END-- [ RunTime:0.000976s ]
SQL: SHOW COLUMNS FROM `l_user` [ RunTime:0.0020s ]
SQL: SELECT * FROM `l_user` WHERE `userid` = 3  [ RunTime:0.0000s ]

[ 2015-11-01T13:50:29+08:00 ] 58.210.89.186 /iLazy/index.php/Home/Order/query?userid=3
INFO: [ app_init ] --START--
INFO: Run Behavior\BuildLiteBehavior [ RunTime:0.000000s ]
INFO: [ app_init ] --END-- [ RunTime:0.000000s ]
INFO: [ app_begin ] --START--
INFO: Run Behavior\ReadHtmlCacheBehavior [ RunTime:0.000000s ]
INFO: [ app_begin ] --END-- [ RunTime:0.000000s ]
SQL: SHOW COLUMNS FROM `l_order` [ RunTime:0.0020s ]
SQL: SELECT * FROM `l_order` WHERE `l_user_userid` = 3  [ RunTime:0.0000s ]

[ 2015-11-01T13:51:16+08:00 ] 58.210.89.186 /iLazy/index.php/Home/User/queryName?userid=3
INFO: [ app_init ] --START--
INFO: Run Behavior\BuildLiteBehavior [ RunTime:0.000000s ]
INFO: [ app_init ] --END-- [ RunTime:0.000000s ]
INFO: [ app_begin ] --START--
INFO: Run Behavior\ReadHtmlCacheBehavior [ RunTime:0.000000s ]
INFO: [ app_begin ] --END-- [ RunTime:0.000000s ]
SQL: SHOW COLUMNS FROM `l_user` [ RunTime:0.0020s ]
SQL: SELECT * FROM `l_user` WHERE `userid` = 3  [ RunTime:0.0000s ]

[ 2015-11-01T13:55:03+08:00 ] 58.210.89.186 /iLazy/index.php/Home/Order/query?userid=3
INFO: [ app_init ] --START--
INFO: Run Behavior\BuildLiteBehavior [ RunTime:0.000000s ]
INFO: [ app_init ] --END-- [ RunTime:0.000000s ]
INFO: [ app_begin ] --START--
INFO: Run Behavior\ReadHtmlCacheBehavior [ RunTime:0.000976s ]
INFO: [ app_begin ] --END-- [ RunTime:0.000976s ]
SQL: SHOW COLUMNS FROM `l_order` [ RunTime:0.0020s ]
SQL: SELECT * FROM `l_order` WHERE `l_user_userid` = 3  [ RunTime:0.0010s ]

[ 2015-11-01T14:48:56+08:00 ] 58.210.89.186 /iLazy/index.php/Home/User/queryName?userid=3
INFO: [ app_init ] --START--
INFO: Run Behavior\BuildLiteBehavior [ RunTime:0.000000s ]
INFO: [ app_init ] --END-- [ RunTime:0.000976s ]
INFO: [ app_begin ] --START--
INFO: Run Behavior\ReadHtmlCacheBehavior [ RunTime:0.000977s ]
INFO: [ app_begin ] --END-- [ RunTime:0.000977s ]
SQL: SHOW COLUMNS FROM `l_user` [ RunTime:0.0020s ]
SQL: SELECT * FROM `l_user` WHERE `userid` = 3  [ RunTime:0.0000s ]

[ 2015-11-01T14:50:03+08:00 ] 58.210.89.186 /iLazy/index.php/Home/User/queryName?userid=3
INFO: [ app_init ] --START--
INFO: Run Behavior\BuildLiteBehavior [ RunTime:0.000000s ]
INFO: [ app_init ] --END-- [ RunTime:0.000000s ]
INFO: [ app_begin ] --START--
INFO: Run Behavior\ReadHtmlCacheBehavior [ RunTime:0.000976s ]
INFO: [ app_begin ] --END-- [ RunTime:0.000976s ]
SQL: SHOW COLUMNS FROM `l_user` [ RunTime:0.0020s ]
SQL: SELECT * FROM `l_user` WHERE `userid` = 3  [ RunTime:0.0000s ]

[ 2015-11-01T14:51:10+08:00 ] 58.210.89.186 /iLazy/index.php/Home/UserInfo/updata?email=ljia789%40gmail.com&image=is56332b1b95dfa.png&nick=%E8%B6%85%E4%BA%BA%E7%A9%BF%E7%BA%A2%E5%86%85%E8%A3%A4&phone=15606946786&sex=%E6%9C%AA%E7%9F%A5&userid=3
INFO: [ app_init ] --START--
INFO: Run Behavior\BuildLiteBehavior [ RunTime:0.000000s ]
INFO: [ app_init ] --END-- [ RunTime:0.000977s ]
INFO: [ app_begin ] --START--
INFO: Run Behavior\ReadHtmlCacheBehavior [ RunTime:0.000976s ]
INFO: [ app_begin ] --END-- [ RunTime:0.000976s ]
SQL: SHOW COLUMNS FROM `l_userinfo` [ RunTime:0.0020s ]
SQL: UPDATE `l_userinfo` SET `usernick`='超人穿红内裤',`usersex`='未知',`userphone`='15606946786',`useremail`='ljia789@gmail.com',`userimage`='is56332b1b95dfa.png' WHERE `l_user_userid` = 3 [ RunTime:0.0186s ]

[ 2015-11-01T14:51:18+08:00 ] 58.210.89.186 /iLazy/index.php/Home/UserInfo/updata?email=ljia789%40gmail.com&image=is56332b1b95dfa.png&nick=%E8%B6%85%E4%BA%BA%E7%A9%BF%E7%BA%A2%E5%86%85%E8%A3%A4&phone=15606946786&sex=%E7%94%B7&userid=3
INFO: [ app_init ] --START--
INFO: Run Behavior\BuildLiteBehavior [ RunTime:0.000000s ]
INFO: [ app_init ] --END-- [ RunTime:0.000976s ]
INFO: [ app_begin ] --START--
INFO: Run Behavior\ReadHtmlCacheBehavior [ RunTime:0.000977s ]
INFO: [ app_begin ] --END-- [ RunTime:0.000977s ]
SQL: SHOW COLUMNS FROM `l_userinfo` [ RunTime:0.0020s ]
SQL: UPDATE `l_userinfo` SET `usernick`='超人穿红内裤',`usersex`='男',`userphone`='15606946786',`useremail`='ljia789@gmail.com',`userimage`='is56332b1b95dfa.png' WHERE `l_user_userid` = 3 [ RunTime:0.0049s ]

[ 2015-11-01T14:54:21+08:00 ] 58.210.89.186 /iLazy/index.php/Home/Order/queryAll
INFO: [ app_init ] --START--
INFO: Run Behavior\BuildLiteBehavior [ RunTime:0.000000s ]
INFO: [ app_init ] --END-- [ RunTime:0.000000s ]
INFO: [ app_begin ] --START--
INFO: Run Behavior\ReadHtmlCacheBehavior [ RunTime:0.000000s ]
INFO: [ app_begin ] --END-- [ RunTime:0.000000s ]
SQL: SHOW COLUMNS FROM `l_order` [ RunTime:0.0020s ]
SQL: SELECT * FROM `l_order`  [ RunTime:0.0010s ]

[ 2015-11-01T14:54:21+08:00 ] 58.210.89.186 /iLazy/index.php/Home/Order/queryStatus?status=2
INFO: [ app_init ] --START--
INFO: Run Behavior\BuildLiteBehavior [ RunTime:0.000000s ]
INFO: [ app_init ] --END-- [ RunTime:0.000000s ]
INFO: [ app_begin ] --START--
INFO: Run Behavior\ReadHtmlCacheBehavior [ RunTime:0.000000s ]
INFO: [ app_begin ] --END-- [ RunTime:0.000000s ]
SQL: SHOW COLUMNS FROM `l_order` [ RunTime:0.0020s ]
SQL: SELECT * FROM `l_order` WHERE `orderstatus` = '2'  [ RunTime:0.0000s ]

[ 2015-11-01T14:54:22+08:00 ] 58.210.89.186 /iLazy/index.php/Home/Location/query
INFO: [ app_init ] --START--
INFO: Run Behavior\BuildLiteBehavior [ RunTime:0.000000s ]
INFO: [ app_init ] --END-- [ RunTime:0.000000s ]
INFO: [ app_begin ] --START--
INFO: Run Behavior\ReadHtmlCacheBehavior [ RunTime:0.000976s ]
INFO: [ app_begin ] --END-- [ RunTime:0.000976s ]
SQL: SHOW COLUMNS FROM `l_location` [ RunTime:0.0020s ]
NOTIC: [8] Undefined variable: userid C:\websoft\web\phpMyAdmin\iLazy\Home\Controller\LocationController.class.php 第 20 行.
SQL: SELECT * FROM `l_location`  [ RunTime:0.0000s ]

[ 2015-11-01T14:54:22+08:00 ] 58.210.89.186 /iLazy/index.php/Home/UserInfo/query
INFO: [ app_init ] --START--
INFO: Run Behavior\BuildLiteBehavior [ RunTime:0.000000s ]
INFO: [ app_init ] --END-- [ RunTime:0.000000s ]
INFO: [ app_begin ] --START--
INFO: Run Behavior\ReadHtmlCacheBehavior [ RunTime:0.000000s ]
INFO: [ app_begin ] --END-- [ RunTime:0.000000s ]
SQL: SHOW COLUMNS FROM `l_userinfo` [ RunTime:0.0010s ]
SQL: SELECT * FROM `l_userinfo`  [ RunTime:0.0000s ]

[ 2015-11-01T14:56:01+08:00 ] 58.210.89.186 /iLazy/index.php/Home/Order/update?orderid=4&status=-1&userid=3
INFO: [ app_init ] --START--
INFO: Run Behavior\BuildLiteBehavior [ RunTime:0.000000s ]
INFO: [ app_init ] --END-- [ RunTime:0.000976s ]
INFO: [ app_begin ] --START--
INFO: Run Behavior\ReadHtmlCacheBehavior [ RunTime:0.000000s ]
INFO: [ app_begin ] --END-- [ RunTime:0.000000s ]
SQL: SHOW COLUMNS FROM `l_order` [ RunTime:0.0020s ]
SQL: SELECT * FROM `l_order` WHERE (  orderid = '4' )  [ RunTime:0.0010s ]
SQL: UPDATE `l_order` SET `orderstatus`='-1' WHERE `orderid` = 4 [ RunTime:0.0049s ]

[ 2015-11-01T14:56:03+08:00 ] 58.210.89.186 /iLazy/index.php/Home/Location/query
INFO: [ app_init ] --START--
INFO: Run Behavior\BuildLiteBehavior [ RunTime:0.000000s ]
INFO: [ app_init ] --END-- [ RunTime:0.000000s ]
INFO: [ app_begin ] --START--
INFO: Run Behavior\ReadHtmlCacheBehavior [ RunTime:0.000977s ]
INFO: [ app_begin ] --END-- [ RunTime:0.000977s ]
SQL: SHOW COLUMNS FROM `l_location` [ RunTime:0.0020s ]
NOTIC: [8] Undefined variable: userid C:\websoft\web\phpMyAdmin\iLazy\Home\Controller\LocationController.class.php 第 20 行.
SQL: SELECT * FROM `l_location`  [ RunTime:0.0000s ]

[ 2015-11-01T14:56:04+08:00 ] 58.210.89.186 /iLazy/index.php/Home/UserInfo/query
INFO: [ app_init ] --START--
INFO: Run Behavior\BuildLiteBehavior [ RunTime:0.000000s ]
INFO: [ app_init ] --END-- [ RunTime:0.000000s ]
INFO: [ app_begin ] --START--
INFO: Run Behavior\ReadHtmlCacheBehavior [ RunTime:0.000976s ]
INFO: [ app_begin ] --END-- [ RunTime:0.000976s ]
SQL: SHOW COLUMNS FROM `l_userinfo` [ RunTime:0.0020s ]
SQL: SELECT * FROM `l_userinfo`  [ RunTime:0.0000s ]

[ 2015-11-01T14:56:06+08:00 ] 58.210.89.186 /iLazy/index.php/Home/UserInfo/query
INFO: [ app_init ] --START--
INFO: Run Behavior\BuildLiteBehavior [ RunTime:0.000000s ]
INFO: [ app_init ] --END-- [ RunTime:0.000977s ]
INFO: [ app_begin ] --START--
INFO: Run Behavior\ReadHtmlCacheBehavior [ RunTime:0.000000s ]
INFO: [ app_begin ] --END-- [ RunTime:0.000000s ]
SQL: SHOW COLUMNS FROM `l_userinfo` [ RunTime:0.0020s ]
SQL: SELECT * FROM `l_userinfo`  [ RunTime:0.0000s ]

[ 2015-11-01T14:56:07+08:00 ] 58.210.89.186 /iLazy/index.php/Home/Order/queryAll
INFO: [ app_init ] --START--
INFO: Run Behavior\BuildLiteBehavior [ RunTime:0.000000s ]
INFO: [ app_init ] --END-- [ RunTime:0.000977s ]
INFO: [ app_begin ] --START--
INFO: Run Behavior\ReadHtmlCacheBehavior [ RunTime:0.000000s ]
INFO: [ app_begin ] --END-- [ RunTime:0.000000s ]
SQL: SHOW COLUMNS FROM `l_order` [ RunTime:0.0020s ]
SQL: SELECT * FROM `l_order`  [ RunTime:0.0000s ]

[ 2015-11-01T14:56:19+08:00 ] 58.210.89.186 /iLazy/index.php/Home/UserInfo/query
INFO: [ app_init ] --START--
INFO: Run Behavior\BuildLiteBehavior [ RunTime:0.000000s ]
INFO: [ app_init ] --END-- [ RunTime:0.000977s ]
INFO: [ app_begin ] --START--
INFO: Run Behavior\ReadHtmlCacheBehavior [ RunTime:0.000000s ]
INFO: [ app_begin ] --END-- [ RunTime:0.000000s ]
SQL: SHOW COLUMNS FROM `l_userinfo` [ RunTime:0.0020s ]
SQL: SELECT * FROM `l_userinfo`  [ RunTime:0.0000s ]

[ 2015-11-01T14:56:20+08:00 ] 58.210.89.186 /iLazy/index.php/Home/Location/query
INFO: [ app_init ] --START--
INFO: Run Behavior\BuildLiteBehavior [ RunTime:0.000000s ]
INFO: [ app_init ] --END-- [ RunTime:0.000000s ]
INFO: [ app_begin ] --START--
INFO: Run Behavior\ReadHtmlCacheBehavior [ RunTime:0.000976s ]
INFO: [ app_begin ] --END-- [ RunTime:0.000976s ]
SQL: SHOW COLUMNS FROM `l_location` [ RunTime:0.0020s ]
NOTIC: [8] Undefined variable: userid C:\websoft\web\phpMyAdmin\iLazy\Home\Controller\LocationController.class.php 第 20 行.
SQL: SELECT * FROM `l_location`  [ RunTime:0.0000s ]

[ 2015-11-01T14:56:23+08:00 ] 58.210.89.186 /iLazy/index.php/Home/Order/update?orderid=4&status=-1
INFO: [ app_init ] --START--
INFO: Run Behavior\BuildLiteBehavior [ RunTime:0.000000s ]
INFO: [ app_init ] --END-- [ RunTime:0.000000s ]
INFO: [ app_begin ] --START--
INFO: Run Behavior\ReadHtmlCacheBehavior [ RunTime:0.000976s ]
INFO: [ app_begin ] --END-- [ RunTime:0.000976s ]
SQL: SHOW COLUMNS FROM `l_order` [ RunTime:0.0020s ]
SQL: SELECT * FROM `l_order` WHERE (  orderid = '4' )  [ RunTime:0.0000s ]
SQL: UPDATE `l_order` SET `orderstatus`='-1' WHERE `orderid` = 4 [ RunTime:0.0010s ]

[ 2015-11-01T14:56:27+08:00 ] 58.210.89.186 /iLazy/index.php/Home/Order/update?orderid=4&status=-1&userid=3
INFO: [ app_init ] --START--
INFO: Run Behavior\BuildLiteBehavior [ RunTime:0.000000s ]
INFO: [ app_init ] --END-- [ RunTime:0.000000s ]
INFO: [ app_begin ] --START--
INFO: Run Behavior\ReadHtmlCacheBehavior [ RunTime:0.000977s ]
INFO: [ app_begin ] --END-- [ RunTime:0.000977s ]
SQL: SHOW COLUMNS FROM `l_order` [ RunTime:0.0020s ]
SQL: SELECT * FROM `l_order` WHERE (  orderid = '4' )  [ RunTime:0.0000s ]
SQL: UPDATE `l_order` SET `orderstatus`='-1' WHERE `orderid` = 4 [ RunTime:0.0000s ]

[ 2015-11-01T14:56:28+08:00 ] 58.210.89.186 /iLazy/index.php/Home/Order/update?orderid=4&status=-1&userid=3
INFO: [ app_init ] --START--
INFO: Run Behavior\BuildLiteBehavior [ RunTime:0.000000s ]
INFO: [ app_init ] --END-- [ RunTime:0.000976s ]
INFO: [ app_begin ] --START--
INFO: Run Behavior\ReadHtmlCacheBehavior [ RunTime:0.000000s ]
INFO: [ app_begin ] --END-- [ RunTime:0.000000s ]
SQL: SHOW COLUMNS FROM `l_order` [ RunTime:0.0020s ]
SQL: SELECT * FROM `l_order` WHERE (  orderid = '4' )  [ RunTime:0.0000s ]
SQL: UPDATE `l_order` SET `orderstatus`='-1' WHERE `orderid` = 4 [ RunTime:0.0000s ]

[ 2015-11-01T14:56:29+08:00 ] 58.210.89.186 /iLazy/index.php/Home/Order/update?orderid=4&status=-1&userid=3
INFO: [ app_init ] --START--
INFO: Run Behavior\BuildLiteBehavior [ RunTime:0.000000s ]
INFO: [ app_init ] --END-- [ RunTime:0.000977s ]
INFO: [ app_begin ] --START--
INFO: Run Behavior\ReadHtmlCacheBehavior [ RunTime:0.000000s ]
INFO: [ app_begin ] --END-- [ RunTime:0.000977s ]
SQL: SHOW COLUMNS FROM `l_order` [ RunTime:0.0020s ]
SQL: SELECT * FROM `l_order` WHERE (  orderid = '4' )  [ RunTime:0.0000s ]
SQL: UPDATE `l_order` SET `orderstatus`='-1' WHERE `orderid` = 4 [ RunTime:0.0010s ]

[ 2015-11-01T14:56:30+08:00 ] 58.210.89.186 /iLazy/index.php/Home/Order/update?orderid=4&status=-1&userid=3
INFO: [ app_init ] --START--
INFO: Run Behavior\BuildLiteBehavior [ RunTime:0.000000s ]
INFO: [ app_init ] --END-- [ RunTime:0.000000s ]
INFO: [ app_begin ] --START--
INFO: Run Behavior\ReadHtmlCacheBehavior [ RunTime:0.000977s ]
INFO: [ app_begin ] --END-- [ RunTime:0.000977s ]
SQL: SHOW COLUMNS FROM `l_order` [ RunTime:0.0010s ]
SQL: SELECT * FROM `l_order` WHERE (  orderid = '4' )  [ RunTime:0.0000s ]
SQL: UPDATE `l_order` SET `orderstatus`='-1' WHERE `orderid` = 4 [ RunTime:0.0000s ]

[ 2015-11-01T14:56:31+08:00 ] 58.210.89.186 /iLazy/index.php/Home/Order/update?orderid=4&status=-1&userid=3
INFO: [ app_init ] --START--
INFO: Run Behavior\BuildLiteBehavior [ RunTime:0.000000s ]
INFO: [ app_init ] --END-- [ RunTime:0.000977s ]
INFO: [ app_begin ] --START--
INFO: Run Behavior\ReadHtmlCacheBehavior [ RunTime:0.000000s ]
INFO: [ app_begin ] --END-- [ RunTime:0.000000s ]
SQL: SHOW COLUMNS FROM `l_order` [ RunTime:0.0020s ]
SQL: SELECT * FROM `l_order` WHERE (  orderid = '4' )  [ RunTime:0.0000s ]
SQL: UPDATE `l_order` SET `orderstatus`='-1' WHERE `orderid` = 4 [ RunTime:0.0000s ]

[ 2015-11-01T14:56:32+08:00 ] 58.210.89.186 /iLazy/index.php/Home/Order/update?orderid=4&status=-1&userid=3
INFO: [ app_init ] --START--
INFO: Run Behavior\BuildLiteBehavior [ RunTime:0.000000s ]
INFO: [ app_init ] --END-- [ RunTime:0.000000s ]
INFO: [ app_begin ] --START--
INFO: Run Behavior\ReadHtmlCacheBehavior [ RunTime:0.000977s ]
INFO: [ app_begin ] --END-- [ RunTime:0.000977s ]
SQL: SHOW COLUMNS FROM `l_order` [ RunTime:0.0020s ]
SQL: SELECT * FROM `l_order` WHERE (  orderid = '4' )  [ RunTime:0.0000s ]
SQL: UPDATE `l_order` SET `orderstatus`='-1' WHERE `orderid` = 4 [ RunTime:0.0010s ]

[ 2015-11-01T14:56:33+08:00 ] 58.210.89.186 /iLazy/index.php/Home/Order/update?orderid=4&status=-1&userid=3
INFO: [ app_init ] --START--
INFO: Run Behavior\BuildLiteBehavior [ RunTime:0.000000s ]
INFO: [ app_init ] --END-- [ RunTime:0.000000s ]
INFO: [ app_begin ] --START--
INFO: Run Behavior\ReadHtmlCacheBehavior [ RunTime:0.000976s ]
INFO: [ app_begin ] --END-- [ RunTime:0.000976s ]
SQL: SHOW COLUMNS FROM `l_order` [ RunTime:0.0020s ]
SQL: SELECT * FROM `l_order` WHERE (  orderid = '4' )  [ RunTime:0.0000s ]
SQL: UPDATE `l_order` SET `orderstatus`='-1' WHERE `orderid` = 4 [ RunTime:0.0010s ]

[ 2015-11-01T14:56:34+08:00 ] 58.210.89.186 /iLazy/index.php/Home/Order/update?orderid=4&status=-1&userid=3
INFO: [ app_init ] --START--
INFO: Run Behavior\BuildLiteBehavior [ RunTime:0.000000s ]
INFO: [ app_init ] --END-- [ RunTime:0.000000s ]
INFO: [ app_begin ] --START--
INFO: Run Behavior\ReadHtmlCacheBehavior [ RunTime:0.000000s ]
INFO: [ app_begin ] --END-- [ RunTime:0.000000s ]
SQL: SHOW COLUMNS FROM `l_order` [ RunTime:0.0020s ]
SQL: SELECT * FROM `l_order` WHERE (  orderid = '4' )  [ RunTime:0.0000s ]
SQL: UPDATE `l_order` SET `orderstatus`='-1' WHERE `orderid` = 4 [ RunTime:0.0000s ]

[ 2015-11-01T14:56:35+08:00 ] 58.210.89.186 /iLazy/index.php/Home/Order/update?orderid=4&status=-1&userid=3
INFO: [ app_init ] --START--
INFO: Run Behavior\BuildLiteBehavior [ RunTime:0.000000s ]
INFO: [ app_init ] --END-- [ RunTime:0.000000s ]
INFO: [ app_begin ] --START--
INFO: Run Behavior\ReadHtmlCacheBehavior [ RunTime:0.000000s ]
INFO: [ app_begin ] --END-- [ RunTime:0.000000s ]
SQL: SHOW COLUMNS FROM `l_order` [ RunTime:0.0020s ]
SQL: SELECT * FROM `l_order` WHERE (  orderid = '4' )  [ RunTime:0.0000s ]
SQL: UPDATE `l_order` SET `orderstatus`='-1' WHERE `orderid` = 4 [ RunTime:0.0000s ]

[ 2015-11-01T14:56:36+08:00 ] 58.210.89.186 /iLazy/index.php/Home/Order/update?orderid=4&status=-1&userid=3
INFO: [ app_init ] --START--
INFO: Run Behavior\BuildLiteBehavior [ RunTime:0.000000s ]
INFO: [ app_init ] --END-- [ RunTime:0.000000s ]
INFO: [ app_begin ] --START--
INFO: Run Behavior\ReadHtmlCacheBehavior [ RunTime:0.000000s ]
INFO: [ app_begin ] --END-- [ RunTime:0.000000s ]
SQL: SHOW COLUMNS FROM `l_order` [ RunTime:0.0020s ]
SQL: SELECT * FROM `l_order` WHERE (  orderid = '4' )  [ RunTime:0.0000s ]
SQL: UPDATE `l_order` SET `orderstatus`='-1' WHERE `orderid` = 4 [ RunTime:0.0010s ]

[ 2015-11-01T14:56:37+08:00 ] 58.210.89.186 /iLazy/index.php/Home/Order/update?orderid=4&status=-1&userid=3
INFO: [ app_init ] --START--
INFO: Run Behavior\BuildLiteBehavior [ RunTime:0.000000s ]
INFO: [ app_init ] --END-- [ RunTime:0.000000s ]
INFO: [ app_begin ] --START--
INFO: Run Behavior\ReadHtmlCacheBehavior [ RunTime:0.000977s ]
INFO: [ app_begin ] --END-- [ RunTime:0.000977s ]
SQL: SHOW COLUMNS FROM `l_order` [ RunTime:0.0020s ]
SQL: SELECT * FROM `l_order` WHERE (  orderid = '4' )  [ RunTime:0.0000s ]
SQL: UPDATE `l_order` SET `orderstatus`='-1' WHERE `orderid` = 4 [ RunTime:0.0010s ]

[ 2015-11-01T14:56:38+08:00 ] 58.210.89.186 /iLazy/index.php/Home/Order/update?orderid=4&status=-1&userid=3
INFO: [ app_init ] --START--
INFO: Run Behavior\BuildLiteBehavior [ RunTime:0.000000s ]
INFO: [ app_init ] --END-- [ RunTime:0.000976s ]
INFO: [ app_begin ] --START--
INFO: Run Behavior\ReadHtmlCacheBehavior [ RunTime:0.000977s ]
INFO: [ app_begin ] --END-- [ RunTime:0.000977s ]
SQL: SHOW COLUMNS FROM `l_order` [ RunTime:0.0020s ]
SQL: SELECT * FROM `l_order` WHERE (  orderid = '4' )  [ RunTime:0.0000s ]
SQL: UPDATE `l_order` SET `orderstatus`='-1' WHERE `orderid` = 4 [ RunTime:0.0010s ]

[ 2015-11-01T14:56:39+08:00 ] 58.210.89.186 /iLazy/index.php/Home/Order/update?orderid=4&status=-1&userid=3
INFO: [ app_init ] --START--
INFO: Run Behavior\BuildLiteBehavior [ RunTime:0.000000s ]
INFO: [ app_init ] --END-- [ RunTime:0.000977s ]
INFO: [ app_begin ] --START--
INFO: Run Behavior\ReadHtmlCacheBehavior [ RunTime:0.000000s ]
INFO: [ app_begin ] --END-- [ RunTime:0.000000s ]
SQL: SHOW COLUMNS FROM `l_order` [ RunTime:0.0020s ]
SQL: SELECT * FROM `l_order` WHERE (  orderid = '4' )  [ RunTime:0.0000s ]
SQL: UPDATE `l_order` SET `orderstatus`='-1' WHERE `orderid` = 4 [ RunTime:0.0010s ]

[ 2015-11-01T14:56:40+08:00 ] 58.210.89.186 /iLazy/index.php/Home/Order/update?orderid=4&status=-1&userid=3
INFO: [ app_init ] --START--
INFO: Run Behavior\BuildLiteBehavior [ RunTime:0.000000s ]
INFO: [ app_init ] --END-- [ RunTime:0.000000s ]
INFO: [ app_begin ] --START--
INFO: Run Behavior\ReadHtmlCacheBehavior [ RunTime:0.000000s ]
INFO: [ app_begin ] --END-- [ RunTime:0.000000s ]
SQL: SHOW COLUMNS FROM `l_order` [ RunTime:0.0020s ]
SQL: SELECT * FROM `l_order` WHERE (  orderid = '4' )  [ RunTime:0.0000s ]
SQL: UPDATE `l_order` SET `orderstatus`='-1' WHERE `orderid` = 4 [ RunTime:0.0010s ]

[ 2015-11-01T14:56:41+08:00 ] 58.210.89.186 /iLazy/index.php/Home/Order/update?orderid=4&status=-1&userid=3
INFO: [ app_init ] --START--
INFO: Run Behavior\BuildLiteBehavior [ RunTime:0.000000s ]
INFO: [ app_init ] --END-- [ RunTime:0.000000s ]
INFO: [ app_begin ] --START--
INFO: Run Behavior\ReadHtmlCacheBehavior [ RunTime:0.000000s ]
INFO: [ app_begin ] --END-- [ RunTime:0.000977s ]
SQL: SHOW COLUMNS FROM `l_order` [ RunTime:0.0020s ]
SQL: SELECT * FROM `l_order` WHERE (  orderid = '4' )  [ RunTime:0.0000s ]
SQL: UPDATE `l_order` SET `orderstatus`='-1' WHERE `orderid` = 4 [ RunTime:0.0010s ]

[ 2015-11-01T14:56:42+08:00 ] 58.210.89.186 /iLazy/index.php/Home/Order/update?orderid=4&status=-1&userid=3
INFO: [ app_init ] --START--
INFO: Run Behavior\BuildLiteBehavior [ RunTime:0.000000s ]
INFO: [ app_init ] --END-- [ RunTime:0.000000s ]
INFO: [ app_begin ] --START--
INFO: Run Behavior\ReadHtmlCacheBehavior [ RunTime:0.000000s ]
INFO: [ app_begin ] --END-- [ RunTime:0.000000s ]
SQL: SHOW COLUMNS FROM `l_order` [ RunTime:0.0020s ]
SQL: SELECT * FROM `l_order` WHERE (  orderid = '4' )  [ RunTime:0.0000s ]
SQL: UPDATE `l_order` SET `orderstatus`='-1' WHERE `orderid` = 4 [ RunTime:0.0000s ]

[ 2015-11-01T14:56:43+08:00 ] 58.210.89.186 /iLazy/index.php/Home/Order/update?orderid=4&status=-1&userid=3
INFO: [ app_init ] --START--
INFO: Run Behavior\BuildLiteBehavior [ RunTime:0.000000s ]
INFO: [ app_init ] --END-- [ RunTime:0.000977s ]
INFO: [ app_begin ] --START--
INFO: Run Behavior\ReadHtmlCacheBehavior [ RunTime:0.000000s ]
INFO: [ app_begin ] --END-- [ RunTime:0.000000s ]
SQL: SHOW COLUMNS FROM `l_order` [ RunTime:0.0020s ]
SQL: SELECT * FROM `l_order` WHERE (  orderid = '4' )  [ RunTime:0.0000s ]
SQL: UPDATE `l_order` SET `orderstatus`='-1' WHERE `orderid` = 4 [ RunTime:0.0010s ]

[ 2015-11-01T14:56:44+08:00 ] 58.210.89.186 /iLazy/index.php/Home/Order/update?orderid=4&status=-1&userid=3
INFO: [ app_init ] --START--
INFO: Run Behavior\BuildLiteBehavior [ RunTime:0.000000s ]
INFO: [ app_init ] --END-- [ RunTime:0.000000s ]
INFO: [ app_begin ] --START--
INFO: Run Behavior\ReadHtmlCacheBehavior [ RunTime:0.000977s ]
INFO: [ app_begin ] --END-- [ RunTime:0.000977s ]
SQL: SHOW COLUMNS FROM `l_order` [ RunTime:0.0020s ]
SQL: SELECT * FROM `l_order` WHERE (  orderid = '4' )  [ RunTime:0.0000s ]
SQL: UPDATE `l_order` SET `orderstatus`='-1' WHERE `orderid` = 4 [ RunTime:0.0000s ]

[ 2015-11-01T14:56:45+08:00 ] 58.210.89.186 /iLazy/index.php/Home/Order/update?orderid=4&status=-1&userid=3
INFO: [ app_init ] --START--
INFO: Run Behavior\BuildLiteBehavior [ RunTime:0.000000s ]
INFO: [ app_init ] --END-- [ RunTime:0.000977s ]
INFO: [ app_begin ] --START--
INFO: Run Behavior\ReadHtmlCacheBehavior [ RunTime:0.000976s ]
INFO: [ app_begin ] --END-- [ RunTime:0.000976s ]
SQL: SHOW COLUMNS FROM `l_order` [ RunTime:0.0020s ]
SQL: SELECT * FROM `l_order` WHERE (  orderid = '4' )  [ RunTime:0.0010s ]
SQL: UPDATE `l_order` SET `orderstatus`='-1' WHERE `orderid` = 4 [ RunTime:0.0000s ]

[ 2015-11-01T14:56:46+08:00 ] 58.210.89.186 /iLazy/index.php/Home/Order/update?orderid=4&status=-1&userid=3
INFO: [ app_init ] --START--
INFO: Run Behavior\BuildLiteBehavior [ RunTime:0.000000s ]
INFO: [ app_init ] --END-- [ RunTime:0.000000s ]
INFO: [ app_begin ] --START--
INFO: Run Behavior\ReadHtmlCacheBehavior [ RunTime:0.000000s ]
INFO: [ app_begin ] --END-- [ RunTime:0.000000s ]
SQL: SHOW COLUMNS FROM `l_order` [ RunTime:0.0020s ]
SQL: SELECT * FROM `l_order` WHERE (  orderid = '4' )  [ RunTime:0.0000s ]
SQL: UPDATE `l_order` SET `orderstatus`='-1' WHERE `orderid` = 4 [ RunTime:0.0010s ]

[ 2015-11-01T14:56:47+08:00 ] 58.210.89.186 /iLazy/index.php/Home/Order/update?orderid=4&status=-1&userid=3
INFO: [ app_init ] --START--
INFO: Run Behavior\BuildLiteBehavior [ RunTime:0.000000s ]
INFO: [ app_init ] --END-- [ RunTime:0.000000s ]
INFO: [ app_begin ] --START--
INFO: Run Behavior\ReadHtmlCacheBehavior [ RunTime:0.000977s ]
INFO: [ app_begin ] --END-- [ RunTime:0.000977s ]
SQL: SHOW COLUMNS FROM `l_order` [ RunTime:0.0020s ]
SQL: SELECT * FROM `l_order` WHERE (  orderid = '4' )  [ RunTime:0.0010s ]
SQL: UPDATE `l_order` SET `orderstatus`='-1' WHERE `orderid` = 4 [ RunTime:0.0000s ]

[ 2015-11-01T14:56:48+08:00 ] 58.210.89.186 /iLazy/index.php/Home/Order/update?orderid=4&status=-1&userid=3
INFO: [ app_init ] --START--
INFO: Run Behavior\BuildLiteBehavior [ RunTime:0.000000s ]
INFO: [ app_init ] --END-- [ RunTime:0.000000s ]
INFO: [ app_begin ] --START--
INFO: Run Behavior\ReadHtmlCacheBehavior [ RunTime:0.000000s ]
INFO: [ app_begin ] --END-- [ RunTime:0.000000s ]
SQL: SHOW COLUMNS FROM `l_order` [ RunTime:0.0020s ]
SQL: SELECT * FROM `l_order` WHERE (  orderid = '4' )  [ RunTime:0.0000s ]
SQL: UPDATE `l_order` SET `orderstatus`='-1' WHERE `orderid` = 4 [ RunTime:0.0000s ]

[ 2015-11-01T14:56:49+08:00 ] 58.210.89.186 /iLazy/index.php/Home/Order/update?orderid=4&status=-1&userid=3
INFO: [ app_init ] --START--
INFO: Run Behavior\BuildLiteBehavior [ RunTime:0.000000s ]
INFO: [ app_init ] --END-- [ RunTime:0.000977s ]
INFO: [ app_begin ] --START--
INFO: Run Behavior\ReadHtmlCacheBehavior [ RunTime:0.000000s ]
INFO: [ app_begin ] --END-- [ RunTime:0.000000s ]
SQL: SHOW COLUMNS FROM `l_order` [ RunTime:0.0127s ]
SQL: SELECT * FROM `l_order` WHERE (  orderid = '4' )  [ RunTime:0.0000s ]
SQL: UPDATE `l_order` SET `orderstatus`='-1' WHERE `orderid` = 4 [ RunTime:0.0000s ]

[ 2015-11-01T14:56:50+08:00 ] 58.210.89.186 /iLazy/index.php/Home/Order/update?orderid=4&status=-1&userid=3
INFO: [ app_init ] --START--
INFO: Run Behavior\BuildLiteBehavior [ RunTime:0.000000s ]
INFO: [ app_init ] --END-- [ RunTime:0.000977s ]
INFO: [ app_begin ] --START--
INFO: Run Behavior\ReadHtmlCacheBehavior [ RunTime:0.000000s ]
INFO: [ app_begin ] --END-- [ RunTime:0.000000s ]
SQL: SHOW COLUMNS FROM `l_order` [ RunTime:0.0020s ]
SQL: SELECT * FROM `l_order` WHERE (  orderid = '4' )  [ RunTime:0.0010s ]
SQL: UPDATE `l_order` SET `orderstatus`='-1' WHERE `orderid` = 4 [ RunTime:0.0000s ]

[ 2015-11-01T14:56:51+08:00 ] 58.210.89.186 /iLazy/index.php/Home/Order/update?orderid=4&status=-1&userid=3
INFO: [ app_init ] --START--
INFO: Run Behavior\BuildLiteBehavior [ RunTime:0.000000s ]
INFO: [ app_init ] --END-- [ RunTime:0.000000s ]
INFO: [ app_begin ] --START--
INFO: Run Behavior\ReadHtmlCacheBehavior [ RunTime:0.000976s ]
INFO: [ app_begin ] --END-- [ RunTime:0.000976s ]
SQL: SHOW COLUMNS FROM `l_order` [ RunTime:0.0020s ]
SQL: SELECT * FROM `l_order` WHERE (  orderid = '4' )  [ RunTime:0.0000s ]
SQL: UPDATE `l_order` SET `orderstatus`='-1' WHERE `orderid` = 4 [ RunTime:0.0000s ]

[ 2015-11-01T14:56:52+08:00 ] 58.210.89.186 /iLazy/index.php/Home/Order/update?orderid=4&status=-1&userid=3
INFO: [ app_init ] --START--
INFO: Run Behavior\BuildLiteBehavior [ RunTime:0.000000s ]
INFO: [ app_init ] --END-- [ RunTime:0.000976s ]
INFO: [ app_begin ] --START--
INFO: Run Behavior\ReadHtmlCacheBehavior [ RunTime:0.000977s ]
INFO: [ app_begin ] --END-- [ RunTime:0.000977s ]
SQL: SHOW COLUMNS FROM `l_order` [ RunTime:0.0020s ]
SQL: SELECT * FROM `l_order` WHERE (  orderid = '4' )  [ RunTime:0.0000s ]
SQL: UPDATE `l_order` SET `orderstatus`='-1' WHERE `orderid` = 4 [ RunTime:0.0000s ]

[ 2015-11-01T14:56:53+08:00 ] 58.210.89.186 /iLazy/index.php/Home/Order/update?orderid=4&status=-1&userid=3
INFO: [ app_init ] --START--
INFO: Run Behavior\BuildLiteBehavior [ RunTime:0.000000s ]
INFO: [ app_init ] --END-- [ RunTime:0.000976s ]
INFO: [ app_begin ] --START--
INFO: Run Behavior\ReadHtmlCacheBehavior [ RunTime:0.000000s ]
INFO: [ app_begin ] --END-- [ RunTime:0.000000s ]
SQL: SHOW COLUMNS FROM `l_order` [ RunTime:0.0020s ]
SQL: SELECT * FROM `l_order` WHERE (  orderid = '4' )  [ RunTime:0.0000s ]
SQL: UPDATE `l_order` SET `orderstatus`='-1' WHERE `orderid` = 4 [ RunTime:0.0010s ]

[ 2015-11-01T14:56:54+08:00 ] 58.210.89.186 /iLazy/index.php/Home/Order/update?orderid=4&status=-1&userid=3
INFO: [ app_init ] --START--
INFO: Run Behavior\BuildLiteBehavior [ RunTime:0.000000s ]
INFO: [ app_init ] --END-- [ RunTime:0.000977s ]
INFO: [ app_begin ] --START--
INFO: Run Behavior\ReadHtmlCacheBehavior [ RunTime:0.000000s ]
INFO: [ app_begin ] --END-- [ RunTime:0.000000s ]
SQL: SHOW COLUMNS FROM `l_order` [ RunTime:0.0020s ]
SQL: SELECT * FROM `l_order` WHERE (  orderid = '4' )  [ RunTime:0.0000s ]
SQL: UPDATE `l_order` SET `orderstatus`='-1' WHERE `orderid` = 4 [ RunTime:0.0010s ]

[ 2015-11-01T14:56:55+08:00 ] 58.210.89.186 /iLazy/index.php/Home/Order/update?orderid=4&status=-1&userid=3
INFO: [ app_init ] --START--
INFO: Run Behavior\BuildLiteBehavior [ RunTime:0.000000s ]
INFO: [ app_init ] --END-- [ RunTime:0.000000s ]
INFO: [ app_begin ] --START--
INFO: Run Behavior\ReadHtmlCacheBehavior [ RunTime:0.000977s ]
INFO: [ app_begin ] --END-- [ RunTime:0.000977s ]
SQL: SHOW COLUMNS FROM `l_order` [ RunTime:0.0020s ]
SQL: SELECT * FROM `l_order` WHERE (  orderid = '4' )  [ RunTime:0.0000s ]
SQL: UPDATE `l_order` SET `orderstatus`='-1' WHERE `orderid` = 4 [ RunTime:0.0010s ]

[ 2015-11-01T14:56:56+08:00 ] 58.210.89.186 /iLazy/index.php/Home/Location/query
INFO: [ app_init ] --START--
INFO: Run Behavior\BuildLiteBehavior [ RunTime:0.000000s ]
INFO: [ app_init ] --END-- [ RunTime:0.000000s ]
INFO: [ app_begin ] --START--
INFO: Run Behavior\ReadHtmlCacheBehavior [ RunTime:0.000000s ]
INFO: [ app_begin ] --END-- [ RunTime:0.000000s ]
SQL: SHOW COLUMNS FROM `l_location` [ RunTime:0.0010s ]
NOTIC: [8] Undefined variable: userid C:\websoft\web\phpMyAdmin\iLazy\Home\Controller\LocationController.class.php 第 20 行.
SQL: SELECT * FROM `l_location`  [ RunTime:0.0000s ]

[ 2015-11-01T14:56:57+08:00 ] 58.210.89.186 /iLazy/index.php/Home/UserInfo/query
INFO: [ app_init ] --START--
INFO: Run Behavior\BuildLiteBehavior [ RunTime:0.000000s ]
INFO: [ app_init ] --END-- [ RunTime:0.000000s ]
INFO: [ app_begin ] --START--
INFO: Run Behavior\ReadHtmlCacheBehavior [ RunTime:0.000977s ]
INFO: [ app_begin ] --END-- [ RunTime:0.000977s ]
SQL: SHOW COLUMNS FROM `l_userinfo` [ RunTime:0.0020s ]
SQL: SELECT * FROM `l_userinfo`  [ RunTime:0.0000s ]

[ 2015-11-01T14:56:59+08:00 ] 58.210.89.186 /iLazy/index.php/Home/UserInfo/query
INFO: [ app_init ] --START--
INFO: Run Behavior\BuildLiteBehavior [ RunTime:0.000000s ]
INFO: [ app_init ] --END-- [ RunTime:0.000977s ]
INFO: [ app_begin ] --START--
INFO: Run Behavior\ReadHtmlCacheBehavior [ RunTime:0.000000s ]
INFO: [ app_begin ] --END-- [ RunTime:0.000000s ]
SQL: SHOW COLUMNS FROM `l_userinfo` [ RunTime:0.0020s ]
SQL: SELECT * FROM `l_userinfo`  [ RunTime:0.0010s ]

[ 2015-11-01T14:57:00+08:00 ] 58.210.89.186 /iLazy/index.php/Home/Order/queryAll
INFO: [ app_init ] --START--
INFO: Run Behavior\BuildLiteBehavior [ RunTime:0.000000s ]
INFO: [ app_init ] --END-- [ RunTime:0.000000s ]
INFO: [ app_begin ] --START--
INFO: Run Behavior\ReadHtmlCacheBehavior [ RunTime:0.000976s ]
INFO: [ app_begin ] --END-- [ RunTime:0.000976s ]
SQL: SHOW COLUMNS FROM `l_order` [ RunTime:0.0020s ]
SQL: SELECT * FROM `l_order`  [ RunTime:0.0000s ]

[ 2015-11-01T14:57:06+08:00 ] 58.210.89.186 /iLazy/index.php/Home/Order/update?orderid=2&status=1
INFO: [ app_init ] --START--
INFO: Run Behavior\BuildLiteBehavior [ RunTime:0.000000s ]
INFO: [ app_init ] --END-- [ RunTime:0.000977s ]
INFO: [ app_begin ] --START--
INFO: Run Behavior\ReadHtmlCacheBehavior [ RunTime:0.000000s ]
INFO: [ app_begin ] --END-- [ RunTime:0.000000s ]
SQL: SHOW COLUMNS FROM `l_order` [ RunTime:0.0020s ]
SQL: SELECT * FROM `l_order` WHERE (  orderid = '2' )  [ RunTime:0.0010s ]
SQL: UPDATE `l_order` SET `orderstatus`='1' WHERE `orderid` = 2 [ RunTime:0.0039s ]

[ 2015-11-01T14:57:28+08:00 ] 58.210.89.186 /iLazy/index.php/Home/Location/insert?userid=3&locationinfo=0.000000,0.000000
INFO: [ app_init ] --START--
INFO: Run Behavior\BuildLiteBehavior [ RunTime:0.000000s ]
INFO: [ app_init ] --END-- [ RunTime:0.000977s ]
INFO: [ app_begin ] --START--
INFO: Run Behavior\ReadHtmlCacheBehavior [ RunTime:0.000000s ]
INFO: [ app_begin ] --END-- [ RunTime:0.000000s ]
SQL: SHOW COLUMNS FROM `l_location` [ RunTime:0.0010s ]
SQL: SELECT * FROM `l_location` WHERE (  l_user_userid = '3' )  [ RunTime:0.0000s ]

[ 2015-11-01T14:57:28+08:00 ] 58.210.89.186 /iLazy/index.php/Home/UserInfo/query
INFO: [ app_init ] --START--
INFO: Run Behavior\BuildLiteBehavior [ RunTime:0.000000s ]
INFO: [ app_init ] --END-- [ RunTime:0.000976s ]
INFO: [ app_begin ] --START--
INFO: Run Behavior\ReadHtmlCacheBehavior [ RunTime:0.000977s ]
INFO: [ app_begin ] --END-- [ RunTime:0.000977s ]
SQL: SHOW COLUMNS FROM `l_userinfo` [ RunTime:0.0020s ]
SQL: SELECT * FROM `l_userinfo`  [ RunTime:0.0010s ]

[ 2015-11-01T14:57:41+08:00 ] 58.210.89.186 /iLazy/index.php/Home/Order/query?userid=3
INFO: [ app_init ] --START--
INFO: Run Behavior\BuildLiteBehavior [ RunTime:0.000000s ]
INFO: [ app_init ] --END-- [ RunTime:0.000977s ]
INFO: [ app_begin ] --START--
INFO: Run Behavior\ReadHtmlCacheBehavior [ RunTime:0.000977s ]
INFO: [ app_begin ] --END-- [ RunTime:0.000977s ]
SQL: SHOW COLUMNS FROM `l_order` [ RunTime:0.0020s ]
SQL: SELECT * FROM `l_order` WHERE `l_user_userid` = 3  [ RunTime:0.0010s ]

[ 2015-11-01T14:58:42+08:00 ] 58.210.89.186 /iLazy/index.php/Home/Order/update?orderid=4&status=1
INFO: [ app_init ] --START--
INFO: Run Behavior\BuildLiteBehavior [ RunTime:0.000000s ]
INFO: [ app_init ] --END-- [ RunTime:0.000000s ]
INFO: [ app_begin ] --START--
INFO: Run Behavior\ReadHtmlCacheBehavior [ RunTime:0.000000s ]
INFO: [ app_begin ] --END-- [ RunTime:0.000000s ]
SQL: SHOW COLUMNS FROM `l_order` [ RunTime:0.0020s ]
SQL: SELECT * FROM `l_order` WHERE (  orderid = '4' )  [ RunTime:0.0010s ]
SQL: UPDATE `l_order` SET `orderstatus`='1' WHERE `orderid` = 4 [ RunTime:0.0039s ]

[ 2015-11-01T15:03:08+08:00 ] 58.210.89.186 /iLazy/index.php/Home/Order/query?userid=3
INFO: [ app_init ] --START--
INFO: Run Behavior\BuildLiteBehavior [ RunTime:0.000000s ]
INFO: [ app_init ] --END-- [ RunTime:0.000976s ]
INFO: [ app_begin ] --START--
INFO: Run Behavior\ReadHtmlCacheBehavior [ RunTime:0.000977s ]
INFO: [ app_begin ] --END-- [ RunTime:0.000977s ]
SQL: SHOW COLUMNS FROM `l_order` [ RunTime:0.0020s ]
SQL: SELECT * FROM `l_order` WHERE `l_user_userid` = 3  [ RunTime:0.0010s ]

[ 2015-11-01T15:09:44+08:00 ] 58.210.89.186 /iLazy/index.php/Home/Location/insert?userid=3&locationinfo=0.000000,0.000000
INFO: [ app_init ] --START--
INFO: Run Behavior\BuildLiteBehavior [ RunTime:0.000000s ]
INFO: [ app_init ] --END-- [ RunTime:0.000000s ]
INFO: [ app_begin ] --START--
INFO: Run Behavior\ReadHtmlCacheBehavior [ RunTime:0.000977s ]
INFO: [ app_begin ] --END-- [ RunTime:0.000977s ]
SQL: SHOW COLUMNS FROM `l_location` [ RunTime:0.0029s ]
SQL: SELECT * FROM `l_location` WHERE (  l_user_userid = '3' )  [ RunTime:0.0000s ]

[ 2015-11-01T15:09:44+08:00 ] 58.210.89.186 /iLazy/index.php/Home/UserInfo/query
INFO: [ app_init ] --START--
INFO: Run Behavior\BuildLiteBehavior [ RunTime:0.000000s ]
INFO: [ app_init ] --END-- [ RunTime:0.000000s ]
INFO: [ app_begin ] --START--
INFO: Run Behavior\ReadHtmlCacheBehavior [ RunTime:0.000977s ]
INFO: [ app_begin ] --END-- [ RunTime:0.000977s ]
SQL: SHOW COLUMNS FROM `l_userinfo` [ RunTime:0.0020s ]
SQL: SELECT * FROM `l_userinfo`  [ RunTime:0.0000s ]

[ 2015-11-01T15:09:48+08:00 ] 58.210.89.186 /iLazy/index.php/Home/Order/query?userid=3
INFO: [ app_init ] --START--
INFO: Run Behavior\BuildLiteBehavior [ RunTime:0.000000s ]
INFO: [ app_init ] --END-- [ RunTime:0.000000s ]
INFO: [ app_begin ] --START--
INFO: Run Behavior\ReadHtmlCacheBehavior [ RunTime:0.000000s ]
INFO: [ app_begin ] --END-- [ RunTime:0.000000s ]
SQL: SHOW COLUMNS FROM `l_order` [ RunTime:0.0020s ]
SQL: SELECT * FROM `l_order` WHERE `l_user_userid` = 3  [ RunTime:0.0000s ]

[ 2015-11-01T15:13:31+08:00 ] 58.210.89.186 /iLazy/index.php/Home/Order/queryStatus?status=2
INFO: [ app_init ] --START--
INFO: Run Behavior\BuildLiteBehavior [ RunTime:0.000000s ]
INFO: [ app_init ] --END-- [ RunTime:0.000977s ]
INFO: [ app_begin ] --START--
INFO: Run Behavior\ReadHtmlCacheBehavior [ RunTime:0.000000s ]
INFO: [ app_begin ] --END-- [ RunTime:0.000000s ]
SQL: SHOW COLUMNS FROM `l_order` [ RunTime:0.0020s ]
SQL: SELECT * FROM `l_order` WHERE `orderstatus` = '2'  [ RunTime:0.0000s ]

[ 2015-11-01T15:13:31+08:00 ] 58.210.89.186 /iLazy/index.php/Home/Order/queryAll
INFO: [ app_init ] --START--
INFO: Run Behavior\BuildLiteBehavior [ RunTime:0.000000s ]
INFO: [ app_init ] --END-- [ RunTime:0.000000s ]
INFO: [ app_begin ] --START--
INFO: Run Behavior\ReadHtmlCacheBehavior [ RunTime:0.000976s ]
INFO: [ app_begin ] --END-- [ RunTime:0.000976s ]
SQL: SHOW COLUMNS FROM `l_order` [ RunTime:0.0010s ]
SQL: SELECT * FROM `l_order`  [ RunTime:0.0010s ]

[ 2015-11-01T15:13:32+08:00 ] 58.210.89.186 /iLazy/index.php/Home/Location/query
INFO: [ app_init ] --START--
INFO: Run Behavior\BuildLiteBehavior [ RunTime:0.000000s ]
INFO: [ app_init ] --END-- [ RunTime:0.000977s ]
INFO: [ app_begin ] --START--
INFO: Run Behavior\ReadHtmlCacheBehavior [ RunTime:0.000976s ]
INFO: [ app_begin ] --END-- [ RunTime:0.000976s ]
SQL: SHOW COLUMNS FROM `l_location` [ RunTime:0.0020s ]
NOTIC: [8] Undefined variable: userid C:\websoft\web\phpMyAdmin\iLazy\Home\Controller\LocationController.class.php 第 20 行.
SQL: SELECT * FROM `l_location`  [ RunTime:0.0000s ]

[ 2015-11-01T15:13:32+08:00 ] 58.210.89.186 /iLazy/index.php/Home/UserInfo/query
INFO: [ app_init ] --START--
INFO: Run Behavior\BuildLiteBehavior [ RunTime:0.000977s ]
INFO: [ app_init ] --END-- [ RunTime:0.000977s ]
INFO: [ app_begin ] --START--
INFO: Run Behavior\ReadHtmlCacheBehavior [ RunTime:0.000977s ]
INFO: [ app_begin ] --END-- [ RunTime:0.000977s ]
SQL: SHOW COLUMNS FROM `l_userinfo` [ RunTime:0.0020s ]
SQL: SELECT * FROM `l_userinfo`  [ RunTime:0.0000s ]

[ 2015-11-01T15:15:49+08:00 ] 58.210.89.186 /iLazy/index.php/Home/Order/queryStatus?status=2
INFO: [ app_init ] --START--
INFO: Run Behavior\BuildLiteBehavior [ RunTime:0.000000s ]
INFO: [ app_init ] --END-- [ RunTime:0.000976s ]
INFO: [ app_begin ] --START--
INFO: Run Behavior\ReadHtmlCacheBehavior [ RunTime:0.000000s ]
INFO: [ app_begin ] --END-- [ RunTime:0.000000s ]
SQL: SHOW COLUMNS FROM `l_order` [ RunTime:0.0020s ]
SQL: SELECT * FROM `l_order` WHERE `orderstatus` = '2'  [ RunTime:0.0010s ]

[ 2015-11-01T15:15:52+08:00 ] 58.210.89.186 /iLazy/index.php/Home/Order/queryAll
INFO: [ app_init ] --START--
INFO: Run Behavior\BuildLiteBehavior [ RunTime:0.000000s ]
INFO: [ app_init ] --END-- [ RunTime:0.000000s ]
INFO: [ app_begin ] --START--
INFO: Run Behavior\ReadHtmlCacheBehavior [ RunTime:0.000976s ]
INFO: [ app_begin ] --END-- [ RunTime:0.000976s ]
SQL: SHOW COLUMNS FROM `l_order` [ RunTime:0.0020s ]
SQL: SELECT * FROM `l_order`  [ RunTime:0.0000s ]

[ 2015-11-01T15:15:53+08:00 ] 58.210.89.186 /iLazy/index.php/Home/Location/query
INFO: [ app_init ] --START--
INFO: Run Behavior\BuildLiteBehavior [ RunTime:0.000000s ]
INFO: [ app_init ] --END-- [ RunTime:0.000000s ]
INFO: [ app_begin ] --START--
INFO: Run Behavior\ReadHtmlCacheBehavior [ RunTime:0.000977s ]
INFO: [ app_begin ] --END-- [ RunTime:0.000977s ]
SQL: SHOW COLUMNS FROM `l_location` [ RunTime:0.0020s ]
NOTIC: [8] Undefined variable: userid C:\websoft\web\phpMyAdmin\iLazy\Home\Controller\LocationController.class.php 第 20 行.
SQL: SELECT * FROM `l_location`  [ RunTime:0.0000s ]

[ 2015-11-01T15:15:54+08:00 ] 58.210.89.186 /iLazy/index.php/Home/UserInfo/query
INFO: [ app_init ] --START--
INFO: Run Behavior\BuildLiteBehavior [ RunTime:0.000000s ]
INFO: [ app_init ] --END-- [ RunTime:0.000000s ]
INFO: [ app_begin ] --START--
INFO: Run Behavior\ReadHtmlCacheBehavior [ RunTime:0.000976s ]
INFO: [ app_begin ] --END-- [ RunTime:0.000976s ]
SQL: SHOW COLUMNS FROM `l_userinfo` [ RunTime:0.0020s ]
SQL: SELECT * FROM `l_userinfo`  [ RunTime:0.0000s ]

[ 2015-11-01T15:16:06+08:00 ] 58.210.89.186 /iLazy/index.php/Home/UserInfo/query
INFO: [ app_init ] --START--
INFO: Run Behavior\BuildLiteBehavior [ RunTime:0.000000s ]
INFO: [ app_init ] --END-- [ RunTime:0.000000s ]
INFO: [ app_begin ] --START--
INFO: Run Behavior\ReadHtmlCacheBehavior [ RunTime:0.000000s ]
INFO: [ app_begin ] --END-- [ RunTime:0.000000s ]
SQL: SHOW COLUMNS FROM `l_userinfo` [ RunTime:0.0020s ]
SQL: SELECT * FROM `l_userinfo`  [ RunTime:0.0000s ]

[ 2015-11-01T15:16:07+08:00 ] 58.210.89.186 /iLazy/index.php/Home/Order/queryAll
INFO: [ app_init ] --START--
INFO: Run Behavior\BuildLiteBehavior [ RunTime:0.000000s ]
INFO: [ app_init ] --END-- [ RunTime:0.000000s ]
INFO: [ app_begin ] --START--
INFO: Run Behavior\ReadHtmlCacheBehavior [ RunTime:0.000000s ]
INFO: [ app_begin ] --END-- [ RunTime:0.000000s ]
SQL: SHOW COLUMNS FROM `l_order` [ RunTime:0.0020s ]
SQL: SELECT * FROM `l_order`  [ RunTime:0.0000s ]

[ 2015-11-01T15:16:08+08:00 ] 58.210.89.186 /iLazy/index.php/Home/UserInfo/query
INFO: [ app_init ] --START--
INFO: Run Behavior\BuildLiteBehavior [ RunTime:0.000000s ]
INFO: [ app_init ] --END-- [ RunTime:0.000000s ]
INFO: [ app_begin ] --START--
INFO: Run Behavior\ReadHtmlCacheBehavior [ RunTime:0.000000s ]
INFO: [ app_begin ] --END-- [ RunTime:0.000000s ]
SQL: SHOW COLUMNS FROM `l_userinfo` [ RunTime:0.0020s ]
SQL: SELECT * FROM `l_userinfo`  [ RunTime:0.0000s ]

[ 2015-11-01T15:16:09+08:00 ] 58.210.89.186 /iLazy/index.php/Home/Location/query
INFO: [ app_init ] --START--
INFO: Run Behavior\BuildLiteBehavior [ RunTime:0.000000s ]
INFO: [ app_init ] --END-- [ RunTime:0.000977s ]
INFO: [ app_begin ] --START--
INFO: Run Behavior\ReadHtmlCacheBehavior [ RunTime:0.000000s ]
INFO: [ app_begin ] --END-- [ RunTime:0.000000s ]
SQL: SHOW COLUMNS FROM `l_location` [ RunTime:0.0010s ]
NOTIC: [8] Undefined variable: userid C:\websoft\web\phpMyAdmin\iLazy\Home\Controller\LocationController.class.php 第 20 行.
SQL: SELECT * FROM `l_location`  [ RunTime:0.0000s ]

[ 2015-11-01T15:18:46+08:00 ] 58.210.89.186 /iLazy/index.php/Home/Order/queryStatus?status=2
INFO: [ app_init ] --START--
INFO: Run Behavior\BuildLiteBehavior [ RunTime:0.000000s ]
INFO: [ app_init ] --END-- [ RunTime:0.000000s ]
INFO: [ app_begin ] --START--
INFO: Run Behavior\ReadHtmlCacheBehavior [ RunTime:0.000977s ]
INFO: [ app_begin ] --END-- [ RunTime:0.000977s ]
SQL: SHOW COLUMNS FROM `l_order` [ RunTime:0.0029s ]
SQL: SELECT * FROM `l_order` WHERE `orderstatus` = '2'  [ RunTime:0.0000s ]

[ 2015-11-01T15:18:47+08:00 ] 58.210.89.186 /iLazy/index.php/Home/Order/queryAll
INFO: [ app_init ] --START--
INFO: Run Behavior\BuildLiteBehavior [ RunTime:0.000000s ]
INFO: [ app_init ] --END-- [ RunTime:0.000000s ]
INFO: [ app_begin ] --START--
INFO: Run Behavior\ReadHtmlCacheBehavior [ RunTime:0.000977s ]
INFO: [ app_begin ] --END-- [ RunTime:0.000977s ]
SQL: SHOW COLUMNS FROM `l_order` [ RunTime:0.0020s ]
SQL: SELECT * FROM `l_order`  [ RunTime:0.0000s ]

[ 2015-11-01T15:18:47+08:00 ] 58.210.89.186 /iLazy/index.php/Home/Location/query
INFO: [ app_init ] --START--
INFO: Run Behavior\BuildLiteBehavior [ RunTime:0.000000s ]
INFO: [ app_init ] --END-- [ RunTime:0.000000s ]
INFO: [ app_begin ] --START--
INFO: Run Behavior\ReadHtmlCacheBehavior [ RunTime:0.000976s ]
INFO: [ app_begin ] --END-- [ RunTime:0.000976s ]
SQL: SHOW COLUMNS FROM `l_location` [ RunTime:0.0020s ]
NOTIC: [8] Undefined variable: userid C:\websoft\web\phpMyAdmin\iLazy\Home\Controller\LocationController.class.php 第 20 行.
SQL: SELECT * FROM `l_location`  [ RunTime:0.0000s ]

[ 2015-11-01T15:18:47+08:00 ] 58.210.89.186 /iLazy/index.php/Home/UserInfo/query
INFO: [ app_init ] --START--
INFO: Run Behavior\BuildLiteBehavior [ RunTime:0.000000s ]
INFO: [ app_init ] --END-- [ RunTime:0.000000s ]
INFO: [ app_begin ] --START--
INFO: Run Behavior\ReadHtmlCacheBehavior [ RunTime:0.000976s ]
INFO: [ app_begin ] --END-- [ RunTime:0.000976s ]
SQL: SHOW COLUMNS FROM `l_userinfo` [ RunTime:0.0020s ]
SQL: SELECT * FROM `l_userinfo`  [ RunTime:0.0000s ]

[ 2015-11-01T15:21:04+08:00 ] 58.210.89.186 /iLazy/index.php/Home/Order/queryStatus?status=2
INFO: [ app_init ] --START--
INFO: Run Behavior\BuildLiteBehavior [ RunTime:0.000000s ]
INFO: [ app_init ] --END-- [ RunTime:0.000000s ]
INFO: [ app_begin ] --START--
INFO: Run Behavior\ReadHtmlCacheBehavior [ RunTime:0.000977s ]
INFO: [ app_begin ] --END-- [ RunTime:0.000977s ]
SQL: SHOW COLUMNS FROM `l_order` [ RunTime:0.0020s ]
SQL: SELECT * FROM `l_order` WHERE `orderstatus` = '2'  [ RunTime:0.0010s ]

[ 2015-11-01T15:21:04+08:00 ] 58.210.89.186 /iLazy/index.php/Home/Order/queryAll
INFO: [ app_init ] --START--
INFO: Run Behavior\BuildLiteBehavior [ RunTime:0.000000s ]
INFO: [ app_init ] --END-- [ RunTime:0.000000s ]
INFO: [ app_begin ] --START--
INFO: Run Behavior\ReadHtmlCacheBehavior [ RunTime:0.000976s ]
INFO: [ app_begin ] --END-- [ RunTime:0.000976s ]
SQL: SHOW COLUMNS FROM `l_order` [ RunTime:0.0020s ]
SQL: SELECT * FROM `l_order`  [ RunTime:0.0000s ]

[ 2015-11-01T15:21:05+08:00 ] 58.210.89.186 /iLazy/index.php/Home/Location/query
INFO: [ app_init ] --START--
INFO: Run Behavior\BuildLiteBehavior [ RunTime:0.000000s ]
INFO: [ app_init ] --END-- [ RunTime:0.000000s ]
INFO: [ app_begin ] --START--
INFO: Run Behavior\ReadHtmlCacheBehavior [ RunTime:0.000976s ]
INFO: [ app_begin ] --END-- [ RunTime:0.000976s ]
SQL: SHOW COLUMNS FROM `l_location` [ RunTime:0.0020s ]
NOTIC: [8] Undefined variable: userid C:\websoft\web\phpMyAdmin\iLazy\Home\Controller\LocationController.class.php 第 20 行.
SQL: SELECT * FROM `l_location`  [ RunTime:0.0000s ]

[ 2015-11-01T15:21:05+08:00 ] 58.210.89.186 /iLazy/index.php/Home/UserInfo/query
INFO: [ app_init ] --START--
INFO: Run Behavior\BuildLiteBehavior [ RunTime:0.000000s ]
INFO: [ app_init ] --END-- [ RunTime:0.000000s ]
INFO: [ app_begin ] --START--
INFO: Run Behavior\ReadHtmlCacheBehavior [ RunTime:0.000977s ]
INFO: [ app_begin ] --END-- [ RunTime:0.000977s ]
SQL: SHOW COLUMNS FROM `l_userinfo` [ RunTime:0.0020s ]
SQL: SELECT * FROM `l_userinfo`  [ RunTime:0.0000s ]

[ 2015-11-01T15:21:27+08:00 ] 58.210.89.186 /iLazy/index.php/Home/Location/insert?userid=3&locationinfo=0.000000,0.000000
INFO: [ app_init ] --START--
INFO: Run Behavior\BuildLiteBehavior [ RunTime:0.000000s ]
INFO: [ app_init ] --END-- [ RunTime:0.000000s ]
INFO: [ app_begin ] --START--
INFO: Run Behavior\ReadHtmlCacheBehavior [ RunTime:0.000977s ]
INFO: [ app_begin ] --END-- [ RunTime:0.000977s ]
SQL: SHOW COLUMNS FROM `l_location` [ RunTime:0.0010s ]
SQL: SELECT * FROM `l_location` WHERE (  l_user_userid = '3' )  [ RunTime:0.0000s ]

[ 2015-11-01T15:21:27+08:00 ] 58.210.89.186 /iLazy/index.php/Home/UserInfo/query
INFO: [ app_init ] --START--
INFO: Run Behavior\BuildLiteBehavior [ RunTime:0.000000s ]
INFO: [ app_init ] --END-- [ RunTime:0.000000s ]
INFO: [ app_begin ] --START--
INFO: Run Behavior\ReadHtmlCacheBehavior [ RunTime:0.000977s ]
INFO: [ app_begin ] --END-- [ RunTime:0.000977s ]
SQL: SHOW COLUMNS FROM `l_userinfo` [ RunTime:0.0020s ]
SQL: SELECT * FROM `l_userinfo`  [ RunTime:0.0000s ]

[ 2015-11-01T15:21:39+08:00 ] 58.210.89.186 /iLazy/index.php/Home/Order/query?userid=3
INFO: [ app_init ] --START--
INFO: Run Behavior\BuildLiteBehavior [ RunTime:0.000000s ]
INFO: [ app_init ] --END-- [ RunTime:0.000976s ]
INFO: [ app_begin ] --START--
INFO: Run Behavior\ReadHtmlCacheBehavior [ RunTime:0.000000s ]
INFO: [ app_begin ] --END-- [ RunTime:0.000000s ]
SQL: SHOW COLUMNS FROM `l_order` [ RunTime:0.0020s ]
SQL: SELECT * FROM `l_order` WHERE `l_user_userid` = 3  [ RunTime:0.0010s ]

[ 2015-11-01T15:55:09+08:00 ] 58.210.89.186 /iLazy/index.php/Home/UserInfo/query
INFO: [ app_init ] --START--
INFO: Run Behavior\BuildLiteBehavior [ RunTime:0.000000s ]
INFO: [ app_init ] --END-- [ RunTime:0.000000s ]
INFO: [ app_begin ] --START--
INFO: Run Behavior\ReadHtmlCacheBehavior [ RunTime:0.000000s ]
INFO: [ app_begin ] --END-- [ RunTime:0.000000s ]
SQL: SHOW COLUMNS FROM `l_userinfo` [ RunTime:0.0010s ]
SQL: SELECT * FROM `l_userinfo`  [ RunTime:0.0000s ]

[ 2015-11-01T15:55:09+08:00 ] 58.210.89.186 /iLazy/index.php/Home/Location/insert?userid=3&locationinfo=0.000000,0.000000
INFO: [ app_init ] --START--
INFO: Run Behavior\BuildLiteBehavior [ RunTime:0.000000s ]
INFO: [ app_init ] --END-- [ RunTime:0.000000s ]
INFO: [ app_begin ] --START--
INFO: Run Behavior\ReadHtmlCacheBehavior [ RunTime:0.000000s ]
INFO: [ app_begin ] --END-- [ RunTime:0.000000s ]
SQL: SHOW COLUMNS FROM `l_location` [ RunTime:0.0020s ]
SQL: SELECT * FROM `l_location` WHERE (  l_user_userid = '3' )  [ RunTime:0.0000s ]

[ 2015-11-01T15:55:14+08:00 ] 58.210.89.186 /iLazy/index.php/Home/Order/query?userid=3
INFO: [ app_init ] --START--
INFO: Run Behavior\BuildLiteBehavior [ RunTime:0.000000s ]
INFO: [ app_init ] --END-- [ RunTime:0.000000s ]
INFO: [ app_begin ] --START--
INFO: Run Behavior\ReadHtmlCacheBehavior [ RunTime:0.000000s ]
INFO: [ app_begin ] --END-- [ RunTime:0.000000s ]
SQL: SHOW COLUMNS FROM `l_order` [ RunTime:0.0020s ]
SQL: SELECT * FROM `l_order` WHERE `l_user_userid` = 3  [ RunTime:0.0010s ]

[ 2015-11-01T16:24:42+08:00 ] 58.210.89.186 /iLazy/index.php/Home/Location/insert?userid=3&locationinfo=0.000000,0.000000
INFO: [ app_init ] --START--
INFO: Run Behavior\BuildLiteBehavior [ RunTime:0.000000s ]
INFO: [ app_init ] --END-- [ RunTime:0.000000s ]
INFO: [ app_begin ] --START--
INFO: Run Behavior\ReadHtmlCacheBehavior [ RunTime:0.000000s ]
INFO: [ app_begin ] --END-- [ RunTime:0.000000s ]
SQL: SHOW COLUMNS FROM `l_location` [ RunTime:0.0020s ]
SQL: SELECT * FROM `l_location` WHERE (  l_user_userid = '3' )  [ RunTime:0.0010s ]

[ 2015-11-01T16:24:42+08:00 ] 58.210.89.186 /iLazy/index.php/Home/UserInfo/query
INFO: [ app_init ] --START--
INFO: Run Behavior\BuildLiteBehavior [ RunTime:0.000000s ]
INFO: [ app_init ] --END-- [ RunTime:0.000976s ]
INFO: [ app_begin ] --START--
INFO: Run Behavior\ReadHtmlCacheBehavior [ RunTime:0.000976s ]
INFO: [ app_begin ] --END-- [ RunTime:0.000976s ]
SQL: SHOW COLUMNS FROM `l_userinfo` [ RunTime:0.0020s ]
SQL: SELECT * FROM `l_userinfo`  [ RunTime:0.0000s ]

[ 2015-11-01T16:24:47+08:00 ] 58.210.89.186 /iLazy/index.php/Home/Order/query?userid=3
INFO: [ app_init ] --START--
INFO: Run Behavior\BuildLiteBehavior [ RunTime:0.000000s ]
INFO: [ app_init ] --END-- [ RunTime:0.000977s ]
INFO: [ app_begin ] --START--
INFO: Run Behavior\ReadHtmlCacheBehavior [ RunTime:0.000000s ]
INFO: [ app_begin ] --END-- [ RunTime:0.000000s ]
SQL: SHOW COLUMNS FROM `l_order` [ RunTime:0.0020s ]
SQL: SELECT * FROM `l_order` WHERE `l_user_userid` = 3  [ RunTime:0.0010s ]

[ 2015-11-01T16:25:08+08:00 ] 58.210.89.186 /iLazy/index.php/Home/Comment/insert?level=5&matter=&orderid=4&userid=3
INFO: [ app_init ] --START--
INFO: Run Behavior\BuildLiteBehavior [ RunTime:0.000000s ]
INFO: [ app_init ] --END-- [ RunTime:0.000977s ]
INFO: [ app_begin ] --START--
INFO: Run Behavior\ReadHtmlCacheBehavior [ RunTime:0.000000s ]
INFO: [ app_begin ] --END-- [ RunTime:0.000000s ]
SQL: SHOW COLUMNS FROM `l_comment` [ RunTime:0.0020s ]
SQL: SELECT * FROM `l_comment` WHERE `l_user_userid` = 3 AND `l_order_orderid` = 4  [ RunTime:0.0010s ]
SQL: INSERT INTO `l_comment` (`commentlevel`,`commentmatter`,`l_user_userid`,`l_order_orderid`) VALUES ('5','','3','4') [ RunTime:0.0039s ]

[ 2015-11-01T16:25:09+08:00 ] 58.210.89.186 /iLazy/index.php/Home/Order/update?orderid=4&status=0
INFO: [ app_init ] --START--
INFO: Run Behavior\BuildLiteBehavior [ RunTime:0.000000s ]
INFO: [ app_init ] --END-- [ RunTime:0.000976s ]
INFO: [ app_begin ] --START--
INFO: Run Behavior\ReadHtmlCacheBehavior [ RunTime:0.000977s ]
INFO: [ app_begin ] --END-- [ RunTime:0.000977s ]
SQL: SHOW COLUMNS FROM `l_order` [ RunTime:0.0020s ]
SQL: SELECT * FROM `l_order` WHERE (  orderid = '4' )  [ RunTime:0.0000s ]
SQL: UPDATE `l_order` SET `orderstatus`='0' WHERE `orderid` = 4 [ RunTime:0.0459s ]

[ 2015-11-01T16:38:27+08:00 ] 58.210.89.186 /iLazy/index.php/Home/UserInfo/query
INFO: [ app_init ] --START--
INFO: Run Behavior\BuildLiteBehavior [ RunTime:0.000000s ]
INFO: [ app_init ] --END-- [ RunTime:0.000977s ]
INFO: [ app_begin ] --START--
INFO: Run Behavior\ReadHtmlCacheBehavior [ RunTime:0.000976s ]
INFO: [ app_begin ] --END-- [ RunTime:0.000976s ]
SQL: SHOW COLUMNS FROM `l_userinfo` [ RunTime:0.0020s ]
SQL: SELECT * FROM `l_userinfo`  [ RunTime:0.0010s ]

[ 2015-11-01T16:38:27+08:00 ] 58.210.89.186 /iLazy/index.php/Home/Location/insert?userid=3&locationinfo=0.000000,0.000000
INFO: [ app_init ] --START--
INFO: Run Behavior\BuildLiteBehavior [ RunTime:0.000000s ]
INFO: [ app_init ] --END-- [ RunTime:0.000977s ]
INFO: [ app_begin ] --START--
INFO: Run Behavior\ReadHtmlCacheBehavior [ RunTime:0.000976s ]
INFO: [ app_begin ] --END-- [ RunTime:0.000976s ]
SQL: SHOW COLUMNS FROM `l_location` [ RunTime:0.0020s ]
SQL: SELECT * FROM `l_location` WHERE (  l_user_userid = '3' )  [ RunTime:0.0000s ]

[ 2015-11-01T16:38:30+08:00 ] 58.210.89.186 /iLazy/index.php/Home/Order/query?userid=3
INFO: [ app_init ] --START--
INFO: Run Behavior\BuildLiteBehavior [ RunTime:0.000000s ]
INFO: [ app_init ] --END-- [ RunTime:0.000000s ]
INFO: [ app_begin ] --START--
INFO: Run Behavior\ReadHtmlCacheBehavior [ RunTime:0.000000s ]
INFO: [ app_begin ] --END-- [ RunTime:0.000000s ]
SQL: SHOW COLUMNS FROM `l_order` [ RunTime:0.0020s ]
SQL: SELECT * FROM `l_order` WHERE `l_user_userid` = 3  [ RunTime:0.0000s ]

[ 2015-11-01T16:39:39+08:00 ] 58.210.89.186 /iLazy/index.php/Home/Comment/insert?level=5&matter=%E6%B5%8B%E8%AF%95%E8%AF%84%E4%BB%B7%E8%A1%A8%E5%92%8C%E4%BF%A1%E7%94%A8%E8%A1%A8&orderid=4&userid=3
INFO: [ app_init ] --START--
INFO: Run Behavior\BuildLiteBehavior [ RunTime:0.000000s ]
INFO: [ app_init ] --END-- [ RunTime:0.000977s ]
INFO: [ app_begin ] --START--
INFO: Run Behavior\ReadHtmlCacheBehavior [ RunTime:0.000977s ]
INFO: [ app_begin ] --END-- [ RunTime:0.000977s ]
SQL: SHOW COLUMNS FROM `l_comment` [ RunTime:0.0020s ]
SQL: SELECT * FROM `l_comment` WHERE `l_user_userid` = 3 AND `l_order_orderid` = 4  [ RunTime:0.0000s ]
SQL: INSERT INTO `l_comment` (`commentlevel`,`commentmatter`,`l_user_userid`,`l_order_orderid`) VALUES ('5','测试评价表和信用表','3','4') [ RunTime:0.0049s ]

[ 2015-11-01T16:39:40+08:00 ] 58.210.89.186 /iLazy/index.php/Home/Order/update?orderid=4&status=0
INFO: [ app_init ] --START--
INFO: Run Behavior\BuildLiteBehavior [ RunTime:0.000000s ]
INFO: [ app_init ] --END-- [ RunTime:0.000977s ]
INFO: [ app_begin ] --START--
INFO: Run Behavior\ReadHtmlCacheBehavior [ RunTime:0.000977s ]
INFO: [ app_begin ] --END-- [ RunTime:0.000977s ]
SQL: SHOW COLUMNS FROM `l_order` [ RunTime:0.0020s ]
SQL: SELECT * FROM `l_order` WHERE (  orderid = '4' )  [ RunTime:0.0000s ]
SQL: UPDATE `l_order` SET `orderstatus`='0' WHERE `orderid` = 4 [ RunTime:0.0049s ]

[ 2015-11-01T16:49:59+08:00 ] 58.210.89.186 /iLazy/index.php/Home/UserInfo/query
INFO: [ app_init ] --START--
INFO: Run Behavior\BuildLiteBehavior [ RunTime:0.000000s ]
INFO: [ app_init ] --END-- [ RunTime:0.000977s ]
INFO: [ app_begin ] --START--
INFO: Run Behavior\ReadHtmlCacheBehavior [ RunTime:0.000000s ]
INFO: [ app_begin ] --END-- [ RunTime:0.000000s ]
SQL: SHOW COLUMNS FROM `l_userinfo` [ RunTime:0.0020s ]
SQL: SELECT * FROM `l_userinfo`  [ RunTime:0.0010s ]

[ 2015-11-01T16:49:59+08:00 ] 58.210.89.186 /iLazy/index.php/Home/Location/insert?userid=3&locationinfo=0.000000,0.000000
INFO: [ app_init ] --START--
INFO: Run Behavior\BuildLiteBehavior [ RunTime:0.000000s ]
INFO: [ app_init ] --END-- [ RunTime:0.000976s ]
INFO: [ app_begin ] --START--
INFO: Run Behavior\ReadHtmlCacheBehavior [ RunTime:0.000976s ]
INFO: [ app_begin ] --END-- [ RunTime:0.000976s ]
SQL: SHOW COLUMNS FROM `l_location` [ RunTime:0.0029s ]
SQL: SELECT * FROM `l_location` WHERE (  l_user_userid = '3' )  [ RunTime:0.0029s ]

[ 2015-11-01T16:50:00+08:00 ] 58.210.89.186 /iLazy/index.php/Home/Order/query?userid=3
INFO: [ app_init ] --START--
INFO: Run Behavior\BuildLiteBehavior [ RunTime:0.000000s ]
INFO: [ app_init ] --END-- [ RunTime:0.000000s ]
INFO: [ app_begin ] --START--
INFO: Run Behavior\ReadHtmlCacheBehavior [ RunTime:0.000976s ]
INFO: [ app_begin ] --END-- [ RunTime:0.000976s ]
SQL: SHOW COLUMNS FROM `l_order` [ RunTime:0.0020s ]
SQL: SELECT * FROM `l_order` WHERE `l_user_userid` = 3  [ RunTime:0.0010s ]

[ 2015-11-01T16:50:17+08:00 ] 58.210.89.186 /iLazy/index.php/Home/Comment/insert?level=5&matter=OKOKOKOKOKOK&orderid=4&userid=3
INFO: [ app_init ] --START--
INFO: Run Behavior\BuildLiteBehavior [ RunTime:0.000000s ]
INFO: [ app_init ] --END-- [ RunTime:0.000000s ]
INFO: [ app_begin ] --START--
INFO: Run Behavior\ReadHtmlCacheBehavior [ RunTime:0.000000s ]
INFO: [ app_begin ] --END-- [ RunTime:0.000000s ]
SQL: SHOW COLUMNS FROM `l_comment` [ RunTime:0.0020s ]
SQL: SELECT * FROM `l_comment` WHERE `l_user_userid` = 3 AND `l_order_orderid` = 4  [ RunTime:0.0000s ]

[ 2015-11-01T16:54:10+08:00 ] 58.210.89.186 /iLazy/index.php/Home/Order/query?userid=3
INFO: [ app_init ] --START--
INFO: Run Behavior\BuildLiteBehavior [ RunTime:0.000000s ]
INFO: [ app_init ] --END-- [ RunTime:0.000000s ]
INFO: [ app_begin ] --START--
INFO: Run Behavior\ReadHtmlCacheBehavior [ RunTime:0.000976s ]
INFO: [ app_begin ] --END-- [ RunTime:0.000976s ]
SQL: SHOW COLUMNS FROM `l_order` [ RunTime:0.0020s ]
SQL: SELECT * FROM `l_order` WHERE `l_user_userid` = 3  [ RunTime:0.0010s ]

[ 2015-11-01T16:55:00+08:00 ] 58.210.89.186 /iLazy/index.php/Home/User/queryName?userid=3
INFO: [ app_init ] --START--
INFO: Run Behavior\BuildLiteBehavior [ RunTime:0.000000s ]
INFO: [ app_init ] --END-- [ RunTime:0.000000s ]
INFO: [ app_begin ] --START--
INFO: Run Behavior\ReadHtmlCacheBehavior [ RunTime:0.000977s ]
INFO: [ app_begin ] --END-- [ RunTime:0.000977s ]
SQL: SHOW COLUMNS FROM `l_user` [ RunTime:0.0020s ]
SQL: SELECT * FROM `l_user` WHERE `userid` = 3  [ RunTime:0.0010s ]

[ 2015-11-01T16:55:48+08:00 ] 58.210.89.186 /iLazy/index.php/Home/Order/query?userid=3
INFO: [ app_init ] --START--
INFO: Run Behavior\BuildLiteBehavior [ RunTime:0.000000s ]
INFO: [ app_init ] --END-- [ RunTime:0.000000s ]
INFO: [ app_begin ] --START--
INFO: Run Behavior\ReadHtmlCacheBehavior [ RunTime:0.000977s ]
INFO: [ app_begin ] --END-- [ RunTime:0.000977s ]
SQL: SHOW COLUMNS FROM `l_order` [ RunTime:0.0020s ]
SQL: SELECT * FROM `l_order` WHERE `l_user_userid` = 3  [ RunTime:0.0010s ]

